<?xml version="1.0" encoding="UTF-8"?>
<!-- Generated by org.testng.reporters.JUnitReportReporter -->
<testsuite hostname="DESKTOP-VU78PG0" failures="0" tests="1" name="com.hrmanangement.testcases.TimeSheetTest" time="115.068" errors="0" timestamp="2022-11-07T19:17:38 IST" skipped="0">
  <testcase classname="com.hrmanangement.testcases.TimeSheetTest" name="timeSheetTest" time="115.068"/>
  <system-out/>
</testsuite> <!-- com.hrmanangement.testcases.TimeSheetTest -->
