<?xml version="1.0" encoding="UTF-8"?>
<!-- Generated by org.testng.reporters.JUnitReportReporter -->
<testsuite hostname="DESKTOP-VU78PG0" failures="0" tests="1" name="com.hrmanangement.testcases.ReportPageTest" time="75.340" errors="0" timestamp="2022-11-07T19:05:52 IST" skipped="0">
  <testcase classname="com.hrmanangement.testcases.ReportPageTest" name="reportTest" time="75.340"/>
  <system-out/>
</testsuite> <!-- com.hrmanangement.testcases.ReportPageTest -->
