<?xml version="1.0" encoding="UTF-8"?>
<!-- Generated by org.testng.reporters.JUnitReportReporter -->
<testsuite hostname="DESKTOP-VU78PG0" failures="0" tests="1" name="com.hrmanangement.testcases.LoginPageTest" time="22.721" errors="0" timestamp="2022-11-07T18:53:27 IST" skipped="0">
  <testcase classname="com.hrmanangement.testcases.LoginPageTest" name="loginTest" time="22.721"/>
  <system-out/>
</testsuite> <!-- com.hrmanangement.testcases.LoginPageTest -->
