<?xml version="1.0" encoding="UTF-8"?>
<!-- Generated by org.testng.reporters.JUnitReportReporter -->
<testsuite hostname="DESKTOP-VU78PG0" failures="0" tests="1" name="com.hrmanangement.testcases.EmployeePageTest" time="56.907" errors="0" timestamp="2022-11-07T18:59:56 IST" skipped="0">
  <testcase classname="com.hrmanangement.testcases.EmployeePageTest" name="employeeTest" time="56.907"/>
  <system-out/>
</testsuite> <!-- com.hrmanangement.testcases.EmployeePageTest -->
