<?xml version="1.0" encoding="UTF-8"?>
<!-- Generated by org.testng.reporters.JUnitReportReporter -->
<testsuite hostname="DESKTOP-VU78PG0" failures="0" tests="1" name="com.hrmanangement.testcases.AllScenarioRunTest" time="119.039" errors="0" timestamp="2022-11-07T19:31:06 IST" skipped="0">
  <testcase classname="com.hrmanangement.testcases.AllScenarioRunTest" name="runAllTestSenarios" time="119.039"/>
  <system-out/>
</testsuite> <!-- com.hrmanangement.testcases.AllScenarioRunTest -->
